<?xml version="1.0" encoding="UTF-8"?>
<!-- Generated by org.testng.reporters.JUnitXMLReporter -->
<testsuite hostname="DESKTOP-7HJVH8V" ignored="0" name="Default test" tests="4" failures="1" timestamp="2022-12-10T14:58:30 CET" time="21.27" errors="0">
  <testcase name="runScenario" time="17.35" classname="io.cucumber.testng.AbstractTestNGCucumberTests"/>
  <testcase name="runScenario" time="18.072" classname="io.cucumber.testng.AbstractTestNGCucumberTests"/>
  <testcase name="runScenario" time="19.395" classname="io.cucumber.testng.AbstractTestNGCucumberTests"/>
  <testcase name="runScenario" time="19.581" classname="io.cucumber.testng.AbstractTestNGCucumberTests">
    <failure type="junit.framework.ComparisonFailure" message="null expected:&amp;lt;[No data]&amp;gt; but was:&amp;lt;[Beetroot]&amp;gt;">
      <![CDATA[junit.framework.ComparisonFailure: null expected:<[No data]> but was:<[Beetroot]>
at junit.framework.Assert.assertEquals(Assert.java:81)
at junit.framework.Assert.assertEquals(Assert.java:87)
at stepDefinitions.OfferPageStepDefinition.validate_product_name_matches_in_offers_page_matches_with_landing_page(OfferPageStepDefinition.java:40)
at ✽.validate product name matches in offers page matches with Landing Page(file:///C:/Users/agdev/eclipse-workspace-jee/cucumber-selenium/src/test/java/features/searchProduct.feature:10)
]]>
    </failure>
  </testcase> <!-- runScenario -->
</testsuite> <!-- Default test -->
