<?xml version="1.0" encoding="UTF-8"?>
<testng-results skipped="0" failed="0" ignored="0" total="1" passed="1">
  <reporter-output>
  </reporter-output>
  <suite name="Default suite" duration-ms="9864" started-at="2022-12-07T21:15:16 CET" finished-at="2022-12-07T21:15:26 CET">
    <groups>
      <group name="cucumber">
        <method signature="AbstractTestNGCucumberTests.runScenario(io.cucumber.testng.PickleWrapper,io.cucumber.testng.FeatureWrapper)[pri:0, instance:cucumberOptions.TestNGTestRunner@2e3fc542]" name="runScenario" class="io.cucumber.testng.AbstractTestNGCucumberTests"/>
      </group> <!-- cucumber -->
    </groups>
    <test name="Default test" duration-ms="9864" started-at="2022-12-07T21:15:16 CET" finished-at="2022-12-07T21:15:26 CET">
      <class name="cucumberOptions.TestNGTestRunner">
        <test-method status="PASS" signature="setUpClass(org.testng.ITestContext)[pri:0, instance:cucumberOptions.TestNGTestRunner@2e3fc542]" name="setUpClass" is-config="true" duration-ms="310" started-at="2022-12-07T21:15:16 CET" finished-at="2022-12-07T21:15:17 CET">
          <params>
            <param index="0">
              <value>
                <![CDATA[org.testng.TestRunner@4e558728]]>
              </value>
            </param>
          </params>
          <reporter-output>
          </reporter-output>
        </test-method> <!-- setUpClass -->
        <test-method status="PASS" signature="runScenario(io.cucumber.testng.PickleWrapper,io.cucumber.testng.FeatureWrapper)[pri:0, instance:cucumberOptions.TestNGTestRunner@2e3fc542]" name="runScenario" duration-ms="9500" started-at="2022-12-07T21:15:17 CET" description="Runs Cucumber Scenarios" data-provider="scenarios" finished-at="2022-12-07T21:15:26 CET">
          <params>
            <param index="0">
              <value>
                <![CDATA["Search Experience for product search in both home and offers page"]]>
              </value>
            </param>
            <param index="1">
              <value>
                <![CDATA["Optional[Search and Place the order for products]"]]>
              </value>
            </param>
          </params>
          <reporter-output>
          </reporter-output>
        </test-method> <!-- runScenario -->
        <test-method status="PASS" signature="tearDownClass()[pri:0, instance:cucumberOptions.TestNGTestRunner@2e3fc542]" name="tearDownClass" is-config="true" duration-ms="15" started-at="2022-12-07T21:15:26 CET" finished-at="2022-12-07T21:15:26 CET">
          <reporter-output>
          </reporter-output>
        </test-method> <!-- tearDownClass -->
      </class> <!-- cucumberOptions.TestNGTestRunner -->
    </test> <!-- Default test -->
  </suite> <!-- Default suite -->
</testng-results>
