<?xml version="1.0" encoding="UTF-8"?>
<!-- Generated by org.testng.reporters.JUnitReportReporter -->
<testsuite skipped="0" hostname="DESKTOP-7HJVH8V" name="cucumberOptions.TestNGTestRunner" tests="4" failures="1" timestamp="2022-12-10T12:06:00 CET" time="82.921" errors="0">
  <testcase name="runScenario" time="19.692" classname="cucumberOptions.TestNGTestRunner"/>
  <system-out/>
  <testcase name="runScenario" time="19.720" classname="cucumberOptions.TestNGTestRunner"/>
  <system-out/>
  <testcase name="runScenario" time="21.725" classname="cucumberOptions.TestNGTestRunner">
    <failure type="junit.framework.ComparisonFailure" message="null expected:&lt;[No data]&gt; but was:&lt;[Beetroot]&gt;">
      <![CDATA[junit.framework.ComparisonFailure: null expected:<[No data]> but was:<[Beetroot]>
at junit.framework.Assert.assertEquals(Assert.java:81)
at junit.framework.Assert.assertEquals(Assert.java:87)
at stepDefinitions.OfferPageStepDefinition.validate_product_name_matches_in_offers_page_matches_with_landing_page(OfferPageStepDefinition.java:41)
at ✽.validate product name matches in offers page matches with Landing Page(file:///C:/Users/agdev/eclipse-workspace-jee/cucumber-selenium/src/test/java/features/searchProduct.feature:10)
]]>
    </failure>
  </testcase> <!-- runScenario -->
  <system-out/>
  <testcase name="runScenario" time="21.784" classname="cucumberOptions.TestNGTestRunner"/>
  <system-out/>
</testsuite> <!-- cucumberOptions.TestNGTestRunner -->
